<?xml version="1.0" encoding="UTF-8"?>
<!-- Generated by org.testng.reporters.JUnitReportReporter -->
<testsuite hostname="ATLANTISPC-274" name="com.qtpselenium.suiteB.Create_Guarantors" tests="1" failures="0" timestamp="30 Aug 2016 10:54:19 GMT" time="21.707" errors="0">
  <testcase name="Guarantors" time="21.707" classname="com.qtpselenium.suiteB.Create_Guarantors"/>
</testsuite> <!-- com.qtpselenium.suiteB.Create_Guarantors -->
