<?xml version="1.0" encoding="UTF-8"?>
<!-- Generated by org.testng.reporters.JUnitReportReporter -->
<testsuite hostname="ATLANTISPC-274" name="com.qtpselenium.suiteB.TestCase_B2" tests="1" failures="0" timestamp="1 Aug 2016 12:11:07 GMT" time="0.000" errors="1">
  <testcase name="testcaseB2" time="0.000" classname="com.qtpselenium.suiteB.TestCase_B2"/>
</testsuite> <!-- com.qtpselenium.suiteB.TestCase_B2 -->
