<?xml version="1.0" encoding="UTF-8"?>
<!-- Generated by org.testng.reporters.JUnitReportReporter -->
<testsuite hostname="ATLANTISPC-274" name="com.qtpselenium.suiteA.Alerts" tests="1" failures="0" timestamp="16 Aug 2016 12:34:40 GMT" time="58.313" errors="0">
  <testcase name="alerts" time="58.313" classname="com.qtpselenium.suiteA.Alerts"/>
</testsuite> <!-- com.qtpselenium.suiteA.Alerts -->
