<?xml version="1.0" encoding="UTF-8"?>
<!-- Generated by org.testng.reporters.JUnitReportReporter -->
<testsuite hostname="ATLANTISPC-274" name="com.qtpselenium.suiteA.New_Insurance" tests="1" failures="0" timestamp="5 Aug 2016 14:42:58 GMT" time="47.521" errors="0">
  <testcase name="new_Insurance" time="47.521" classname="com.qtpselenium.suiteA.New_Insurance"/>
</testsuite> <!-- com.qtpselenium.suiteA.New_Insurance -->
