<?xml version="1.0" encoding="UTF-8"?>
<!-- Generated by org.testng.reporters.JUnitReportReporter -->
<testsuite hostname="ATLANTISPC-274" name="com.qtpselenium.suiteB.Create_Appointment" tests="1" failures="0" timestamp="31 Aug 2016 10:03:08 GMT" time="43.738" errors="0">
  <testcase name="create_Appointment" time="43.738" classname="com.qtpselenium.suiteB.Create_Appointment"/>
</testsuite> <!-- com.qtpselenium.suiteB.Create_Appointment -->
