<?xml version="1.0" encoding="UTF-8"?>
<!-- Generated by org.testng.reporters.JUnitReportReporter -->
<testsuite hostname="ATLANTISPC-274" name="com.qtpselenium.suiteA.Additional_information" tests="1" failures="0" timestamp="16 Aug 2016 12:34:40 GMT" time="41.312" errors="0">
  <testcase name="additional_information" time="41.312" classname="com.qtpselenium.suiteA.Additional_information"/>
</testsuite> <!-- com.qtpselenium.suiteA.Additional_information -->
