<?xml version="1.0" encoding="UTF-8"?>
<!-- Generated by org.testng.reporters.JUnitReportReporter -->
<testsuite hostname="ATLANTISPC-274" name="com.qtpselenium.suiteB.Create_CaseManager" tests="1" failures="0" timestamp="30 Aug 2016 10:54:19 GMT" time="151.609" errors="0">
  <testcase name="create_CaseManager" time="151.609" classname="com.qtpselenium.suiteB.Create_CaseManager"/>
</testsuite> <!-- com.qtpselenium.suiteB.Create_CaseManager -->
