<?xml version="1.0" encoding="UTF-8"?>
<!-- Generated by org.testng.reporters.JUnitReportReporter -->
<testsuite hostname="ATLANTISPC-274" name="com.qtpselenium.suiteB.Create_Appointment" tests="1" failures="0" timestamp="8 Aug 2016 15:21:27 GMT" time="0.000" errors="1">
  <testcase name="testcaseB1" time="0.000" classname="com.qtpselenium.suiteB.Create_Appointment"/>
</testsuite> <!-- com.qtpselenium.suiteB.Create_Appointment -->
