<?xml version="1.0" encoding="UTF-8"?>
<!-- Generated by org.testng.reporters.JUnitReportReporter -->
<testsuite hostname="ATLANTISPC-274" name="com.qtpselenium.suiteB.Create_Employer" tests="1" failures="0" timestamp="31 Aug 2016 07:06:20 GMT" time="351.249" errors="0">
  <testcase name="create_employer" time="351.249" classname="com.qtpselenium.suiteB.Create_Employer"/>
</testsuite> <!-- com.qtpselenium.suiteB.Create_Employer -->
