<?xml version="1.0" encoding="UTF-8"?>
<!-- Generated by org.testng.reporters.JUnitReportReporter -->
<testsuite hostname="ATLANTISPC-274" name="com.qtpselenium.suiteB.Create_Employer" tests="2" failures="0" timestamp="8 Aug 2016 15:21:27 GMT" time="0.000" errors="2">
  <testcase name="create_employer" time="0.000" classname="com.qtpselenium.suiteB.Create_Employer"/>
  <testcase name="create_employer" time="0.000" classname="com.qtpselenium.suiteB.Create_Employer"/>
</testsuite> <!-- com.qtpselenium.suiteB.Create_Employer -->
