<?xml version="1.0" encoding="UTF-8"?>
<!-- Generated by org.testng.reporters.JUnitReportReporter -->
<testsuite hostname="ATLANTISPC-274" name="com.qtpselenium.suiteA.New_Pharma" tests="1" failures="0" timestamp="5 Aug 2016 14:42:58 GMT" time="40.849" errors="0">
  <testcase name="new_Pharma" time="40.849" classname="com.qtpselenium.suiteA.New_Pharma"/>
</testsuite> <!-- com.qtpselenium.suiteA.New_Pharma -->
