<?xml version="1.0" encoding="UTF-8"?>
<!-- Generated by org.testng.reporters.JUnitReportReporter -->
<testsuite hostname="ATLANTISPC-274" name="com.qtpselenium.suiteA.Alerts" tests="1" failures="0" timestamp="5 Aug 2016 14:42:58 GMT" time="67.443" errors="0">
  <testcase name="alerts" time="67.443" classname="com.qtpselenium.suiteA.Alerts"/>
</testsuite> <!-- com.qtpselenium.suiteA.Alerts -->
