<?xml version="1.0" encoding="UTF-8"?>
<!-- Generated by org.testng.reporters.JUnitReportReporter -->
<testsuite hostname="ATLANTISPC-274" name="com.qtpselenium.suiteB.Create_CaseManager" tests="1" failures="0" timestamp="9 Aug 2016 07:20:21 GMT" time="52.465" errors="0">
  <testcase name="create_CaseManager" time="52.465" classname="com.qtpselenium.suiteB.Create_CaseManager"/>
</testsuite> <!-- com.qtpselenium.suiteB.Create_CaseManager -->
