<?xml version="1.0" encoding="UTF-8"?>
<!-- Generated by org.testng.reporters.JUnitReportReporter -->
<testsuite hostname="ATLANTISPC-274" name="com.qtpselenium.suiteB.Create_Guarantors" tests="1" failures="0" timestamp="8 Aug 2016 15:21:27 GMT" time="0.001" errors="1">
  <testcase name="Guarantors" time="0.001" classname="com.qtpselenium.suiteB.Create_Guarantors"/>
</testsuite> <!-- com.qtpselenium.suiteB.Create_Guarantors -->
