<?xml version="1.0" encoding="UTF-8"?>
<!-- Generated by org.testng.reporters.JUnitReportReporter -->
<testsuite hostname="ATLANTISPC-274" name="com.qtpselenium.suiteB.Create_LabCompany" tests="1" failures="0" timestamp="7 Sep 2016 14:59:38 GMT" time="36.872" errors="0">
  <testcase name="create_LabCompany" time="36.872" classname="com.qtpselenium.suiteB.Create_LabCompany"/>
</testsuite> <!-- com.qtpselenium.suiteB.Create_LabCompany -->
