<?xml version="1.0" encoding="UTF-8"?>
<!-- Generated by org.testng.reporters.JUnitReportReporter -->
<testsuite hostname="ATLANTISPC-274" name="com.qtpselenium.suiteB.TestCase_B1" tests="4" failures="4" timestamp="31 May 2016 12:18:56 GMT" time="0.000" errors="0">
  <testcase name="testcaseB1" time="0.000" classname="com.qtpselenium.suiteB.TestCase_B1"/>
  <testcase name="testcaseB1" time="0.000" classname="com.qtpselenium.suiteB.TestCase_B1"/>
  <testcase name="testcaseB1" time="0.000" classname="com.qtpselenium.suiteB.TestCase_B1"/>
  <testcase name="testcaseB1" time="0.000" classname="com.qtpselenium.suiteB.TestCase_B1"/>
</testsuite> <!-- com.qtpselenium.suiteB.TestCase_B1 -->
