<?xml version="1.0" encoding="UTF-8"?>
<!-- Generated by org.testng.reporters.JUnitReportReporter -->
<testsuite hostname="ATLANTISPC-274" name="test.xxx" tests="2" failures="0" timestamp="10 Mar 2016 15:30:53 GMT" time="0.009" errors="0">
  <testcase name="ss" time="0.008" classname="test.xxx"/>
  <testcase name="ss1" time="0.001" classname="test.xxx"/>
</testsuite> <!-- test.xxx -->
