<?xml version="1.0" encoding="UTF-8"?>
<!-- Generated by org.testng.reporters.JUnitReportReporter -->
<testsuite hostname="ATLANTISPC-274" name="com.qtpselenium.suiteA.New_Insurance" tests="1" failures="0" timestamp="16 Aug 2016 12:34:40 GMT" time="106.853" errors="0">
  <testcase name="new_Insurance" time="106.853" classname="com.qtpselenium.suiteA.New_Insurance"/>
</testsuite> <!-- com.qtpselenium.suiteA.New_Insurance -->
