<?xml version="1.0" encoding="UTF-8"?>
<!-- Generated by org.testng.reporters.JUnitReportReporter -->
<testsuite hostname="ATLANTISPC-274" name="com.qtpselenium.suiteC.TestCase_C1" tests="1" failures="1" timestamp="30 Aug 2016 10:54:19 GMT" time="0.000" errors="0">
  <testcase name="testcaseC1" time="0.000" classname="com.qtpselenium.suiteC.TestCase_C1"/>
</testsuite> <!-- com.qtpselenium.suiteC.TestCase_C1 -->
